<?xml version="1.0" encoding="UTF-8"?>
<testng-results skipped="0" failed="0" ignored="0"
	total="1" passed="1">
	<reporter-output>
	</reporter-output>
	<suite name="example suite 1" duration-ms="30995"
		started-at="2020-10-06T11:04:53 IST"
		finished-at="2020-10-06T11:05:24 IST">
		<groups>
		</groups>
		<test name="Regression suite 1" duration-ms="30995"
			started-at="2020-10-06T11:04:53 IST"
			finished-at="2020-10-06T11:05:24 IST">
			<class name="com.inetbanking.testCases.TC_01_Login">
				<test-method status="PASS"
					signature="setup(java.lang.String)[pri:0, instance:com.inetbanking.testCases.TC_01_Login@ea1a8d5]"
					name="setup" is-config="true" duration-ms="14433"
					started-at="2020-10-06T11:04:53 IST"
					finished-at="2020-10-06T11:05:08 IST">
					<params>
						<param index="0">
							<value>
                <![CDATA[chrome]]>
							</value>
						</param>
					</params>
					<reporter-output>
					</reporter-output>
				</test-method> <!-- setup -->
				<test-method status="PASS"
					signature="login()[pri:0, instance:com.inetbanking.testCases.TC_01_Login@ea1a8d5]"
					name="login" duration-ms="15001"
					started-at="2020-10-06T11:05:08 IST"
					finished-at="2020-10-06T11:05:23 IST">
					<reporter-output>
					</reporter-output>
				</test-method> <!-- login -->
				<test-method status="PASS"
					signature="tearDown()[pri:0, instance:com.inetbanking.testCases.TC_01_Login@ea1a8d5]"
					name="tearDown" is-config="true" duration-ms="830"
					started-at="2020-10-06T11:05:23 IST"
					finished-at="2020-10-06T11:05:24 IST">
					<reporter-output>
					</reporter-output>
				</test-method> <!-- tearDown -->
			</class> <!-- com.inetbanking.testCases.TC_01_Login -->
		</test> <!-- Regression suite 1 -->
	</suite> <!-- example suite 1 -->
</testng-results>
